18:29:30.268 [JavaFX Application Thread] DEBUG GameApplication      - Logger initialized
18:29:30.975 [JavaFX Application Thread] DEBUG GameApplication      - Starting FXGL
18:29:30.975 [JavaFX Application Thread] INFO  Version              - FXGL-0.3.9
18:29:30.976 [JavaFX Application Thread] INFO  Version              - Source code and latest versions at: https://github.com/AlmasB/FXGL
18:29:30.976 [JavaFX Application Thread] INFO  Version              -              Join the FXGL chat at: https://gitter.im/AlmasB/FXGL
18:29:31.202 [FXGL Launcher Thread     ] DEBUG FXGL                 - Loading FXGL system data
18:29:31.215 [FXGL Launcher Thread     ] DEBUG IOTask               - Executing task: readDataTask(system/fxgl.bundle)
18:29:31.257 [FXGL Launcher Thread     ] DEBUG FS                   - Reading from: system/fxgl.bundle
18:29:31.289 [FXGL Launcher Thread     ] DEBUG IOTask               - Task succeeded: readDataTask(system/fxgl.bundle)
18:29:31.289 [FXGL Launcher Thread     ] DEBUG Bundle               - Logging bundle: FXGL
18:29:31.291 [FXGL Launcher Thread     ] DEBUG Bundle               - FXGL.offline.timer.version.check=2018-12-25T19:59:38.137353
18:29:31.292 [FXGL Launcher Thread     ] DEBUG GameApplication      - FXGL configuration complete
18:29:31.297 [FXGL Launcher Thread     ] INFO  GameApplication      - FXGL configuration took:  0.315 sec
18:29:31.298 [FXGL Launcher Thread     ] DEBUG GameApplication      - Logging game settings
Title: Space Invaders
Version: 0.9.7
Width: 650
Height: 800
Fullscreen: false
Intro: false
Menus: false
Profiling: false
App Mode: DEVELOPER
Menu Key: ESCAPE
Scene Factory: class com.almasb.fxgl.scene.SceneFactory
Dialog Factory: class com.almasb.fxgl.service.impl.display.FXGLDialogFactory
UI Factory: class com.almasb.fxgl.service.impl.ui.FXGLUIFactory
Notification Service: class com.almasb.fxgl.service.impl.notification.FXGLNotificationService
Exception Handler: class com.almasb.fxgl.app.FXGLExceptionHandler
18:29:31.310 [FXGL Launcher Thread     ] DEBUG GameApplication      - Configuring GameApplication
18:29:31.323 [FXGL Launcher Thread     ] DEBUG AppStateMachine      - Initializing application states
18:29:31.337 [FXGL Launcher Thread     ] DEBUG AssetLoader          - Asset cacheSize=35
18:29:31.338 [FXGL Launcher Thread     ] DEBUG AssetLoader          - Loading from disk: /assets/ui/cursors/fxgl_default.png
18:29:31.375 [FXGL Launcher Thread     ] DEBUG AssetLoader          - Loading from disk: /assets/ui/cursors/fxgl_default.png
18:29:31.387 [FXGL Launcher Thread     ] DEBUG AssetLoader          - Loading from disk: /assets/sounds/core/notification.wav
18:29:31.490 [FXGL Launcher Thread     ] DEBUG AssetLoader          - Loading from disk: /assets/sounds/menu/select.wav
18:29:31.492 [FXGL Launcher Thread     ] DEBUG AssetLoader          - Loading from disk: /assets/sounds/menu/back.wav
18:29:31.494 [FXGL Launcher Thread     ] DEBUG AssetLoader          - Loading from disk: /assets/sounds/menu/press.wav
18:29:31.496 [FXGL Launcher Thread     ] DEBUG AssetLoader          - Loading from disk: /assets/ui/fonts/kenvector_future_thin.ttf
18:29:31.518 [FXGL Launcher Thread     ] DEBUG AssetLoader          - Loading from disk: /assets/ui/fonts/lucida_console.ttf
18:29:31.540 [FXGL Launcher Thread     ] DEBUG AssetLoader          - Loading from disk: /assets/ui/css/fxgl_dark.css
18:29:31.541 [FXGL Launcher Thread     ] DEBUG AssetLoader          - Loading from disk: /assets/ui/icons/fxgl_icon.png
18:29:31.568 [FXGL Launcher Thread     ] DEBUG AssetLoader          - Loading from disk: /assets/ui/cursors/fxgl_default.png
18:29:31.597 [FXGL Launcher Thread     ] DEBUG FXGL.GameScene       - Game scene initialized: 650x800
18:29:31.604 [FXGL Launcher Thread     ] DEBUG FXGL.GameWorld       - Game world initialized
18:29:31.673 [FXGL Launcher Thread     ] DEBUG FXGL.PhysicsWorld    - Physics world initialized: appHeight=800, physics.ppm=50.0
18:29:31.691 [FXGL Launcher Thread     ] DEBUG Input                - Registered new binding: Pause - Esc
18:29:31.726 [FXGL Launcher Thread     ] INFO  GameApplication      - Game configuration took:  0.415 sec
18:29:31.728 [JavaFX Application Thread] DEBUG MainWindow           - App size > screen size
18:29:31.728 [JavaFX Application Thread] DEBUG MainWindow           - Target size: 650.0 x 800.0 @ 1.0
18:29:31.729 [JavaFX Application Thread] DEBUG MainWindow           - New size:    591.0 x 727.3846153846154 @ 0.9092307692307692
18:29:31.729 [JavaFX Application Thread] DEBUG MainWindow           - Opening main window
18:29:31.821 [JavaFX Application Thread] DEBUG MainWindow           - Root size:  650.0x778.0
18:29:31.821 [JavaFX Application Thread] DEBUG MainWindow           - Scene size: 650.0x778.0
18:29:31.822 [JavaFX Application Thread] DEBUG MainWindow           - Stage size: 650.0x800.0
18:29:31.822 [JavaFX Application Thread] DEBUG GameApplication      - Running preInit()
18:29:31.827 [JavaFX Application Thread] DEBUG AchievementManager   - Registered new achievement "Hitman"
18:29:31.828 [JavaFX Application Thread] DEBUG AchievementManager   - Registered new achievement "Master Scorer"
18:29:31.829 [JavaFX Application Thread] DEBUG Input                - Registered new binding: Screenshot - P
18:29:31.830 [JavaFX Application Thread] DEBUG Input                - Registered new binding: Dev Options - CTRL+0
18:29:31.830 [JavaFX Application Thread] DEBUG Input                - Registered new binding: Next Level - L
18:29:31.832 [JavaFX Application Thread] DEBUG Input                - Registered new binding: Move Left - A
18:29:31.832 [JavaFX Application Thread] DEBUG Input                - Registered new binding: Laser Beam - SECONDARY
18:29:31.832 [JavaFX Application Thread] DEBUG Input                - Registered new binding: Shoot - PRIMARY
18:29:31.833 [JavaFX Application Thread] DEBUG Input                - Registered new binding: Move Right - D
18:29:31.836 [JavaFX Application Thread] DEBUG AssetLoader          - Loading from disk: /assets/music/bgm.mp3
18:29:31.955 [JavaFX Application Thread] DEBUG AudioPlayer          - Playing music Music [balance=0.0, volume=1.0, rate=1.0, cycleCount=2147483647]
18:29:31.999 [JavaFX Application Thread] DEBUG GameApplication      - Starting main loop
18:29:32.028 [JavaFX Application Thread] DEBUG StartupState         - STARTUP
18:29:32.028 [JavaFX Application Thread] DEBUG GameApplication      - Starting new game
18:29:32.028 [JavaFX Application Thread] DEBUG Input                - Clearing active input actions
18:29:32.028 [JavaFX Application Thread] DEBUG AppStateMachine      - StartupState -> LoadingState
18:29:32.222 [JavaFX Application Thread] DEBUG AnnotationParser     - @AddCollisionHandler: [BonusPlayerHandler, BulletBossHandler, BulletEnemyHandler, BulletPlayerHandler, BulletWallHandler, LaserBeamEnemyHandler]
18:29:32.222 [JavaFX Application Thread] DEBUG AnnotationParser     - @SetEntityFactory: [SpaceInvadersFactory]
18:29:32.228 [FXGL Background Thread 1 ] DEBUG InitAppTask          - Clearing previous game
18:29:32.228 [FXGL Background Thread 1 ] DEBUG FXGL.GameWorld       - Clearing game world
18:29:32.229 [FXGL Background Thread 1 ] DEBUG FXGL.PhysicsWorld    - Clearing physics world
18:29:32.229 [FXGL Background Thread 1 ] DEBUG FXGL.GameScene       - Clearing game scene
18:29:32.229 [FXGL Background Thread 1 ] DEBUG InitAppTask          - Initializing Assets
18:29:32.230 [FXGL Background Thread 1 ] DEBUG InitAppTask          - Initializing Game
18:29:32.251 [FXGL Background Thread 1 ] DEBUG IOTask               - Executing task: readDataTask(./hiscore.dat)
18:29:32.252 [FXGL Background Thread 1 ] DEBUG FS                   - Reading from: ./hiscore.dat
18:29:32.254 [FXGL Background Thread 1 ] DEBUG IOTask               - Task succeeded: readDataTask(./hiscore.dat)
18:29:32.291 [FXGL Background Thread 1 ] DEBUG AssetLoader          - Loading from disk: /assets/textures/background/background.png
18:29:32.656 [FXGL Background Thread 1 ] DEBUG FXGL.GameScene       - Creating render group for layer: BACKGROUND(1000)
18:29:32.686 [FXGL Background Thread 1 ] DEBUG AssetLoader          - Loading from disk: /assets/textures/player2.png
18:29:32.692 [FXGL Background Thread 1 ] DEBUG FXGL.GameScene       - Creating render group for layer: TOP(2147483647)
18:29:32.693 [FXGL Background Thread 1 ] DEBUG InitAppTask          - Initializing Physics
18:29:32.694 [FXGL Background Thread 1 ] DEBUG InitAppTask          - Initializing UI
18:29:32.696 [FXGL Background Thread 1 ] DEBUG AssetLoader          - Loading from disk: /assets/ui/main.fxml
18:29:32.841 [FXGL Background Thread 1 ] DEBUG AssetLoader          - Loading from disk: /assets/textures/life.png
18:29:32.843 [FXGL Background Thread 1 ] DEBUG AssetLoader          - Loading from cache: /assets/textures/life.png@16.0x16.0
18:29:32.843 [FXGL Background Thread 1 ] DEBUG AssetLoader          - Loading from cache: /assets/textures/life.png@16.0x16.0
18:29:32.843 [FXGL Background Thread 1 ] DEBUG InitAppTask          - Initialization Complete
18:29:32.843 [FXGL Background Thread 1 ] INFO  InitAppTask          - Game initialization took: 0.615 sec
18:29:32.855 [JavaFX Application Thread] DEBUG Input                - Clearing active input actions
18:29:32.856 [JavaFX Application Thread] DEBUG AppStateMachine      - LoadingState -> PlayState
18:29:33.020 [JavaFX Application Thread] DEBUG AssetLoader          - Loading from disk: /assets/sounds/level.wav
18:29:34.643 [JavaFX Application Thread] DEBUG AssetLoader          - Loading from disk: /assets/textures/wall.png
18:29:34.648 [JavaFX Application Thread] DEBUG AssetLoader          - Loading from cache: /assets/textures/wall.png@77.0x34.0
18:29:34.649 [JavaFX Application Thread] DEBUG AssetLoader          - Loading from cache: /assets/textures/wall.png@77.0x34.0
18:29:34.651 [JavaFX Application Thread] DEBUG AssetLoader          - Loading from cache: /assets/textures/wall.png@77.0x34.0
18:29:34.658 [JavaFX Application Thread] DEBUG AssetLoader          - Loading from disk: /assets/textures/laser2.png
18:29:34.663 [JavaFX Application Thread] DEBUG AssetLoader          - Loading from disk: /assets/sounds/shoot2.wav
18:29:34.666 [JavaFX Application Thread] DEBUG AssetLoader          - Loading from disk: /assets/textures/enemy3.png
18:29:34.739 [JavaFX Application Thread] DEBUG AssetLoader          - Loading from disk: /assets/textures/enemy2.png
18:29:34.823 [JavaFX Application Thread] DEBUG AssetLoader          - Loading from disk: /assets/textures/enemy1.png
18:29:34.906 [JavaFX Application Thread] DEBUG AssetLoader          - Loading from cache: /assets/textures/enemy1.png
18:29:34.958 [JavaFX Application Thread] DEBUG AssetLoader          - Loading from cache: /assets/textures/laser2.png
18:29:34.958 [JavaFX Application Thread] DEBUG AssetLoader          - Loading from disk: /assets/sounds/shoot4.wav
18:29:35.006 [JavaFX Application Thread] DEBUG AssetLoader          - Loading from cache: /assets/textures/enemy3.png
18:29:35.107 [JavaFX Application Thread] DEBUG AssetLoader          - Loading from cache: /assets/textures/enemy2.png
18:29:35.167 [JavaFX Application Thread] DEBUG AssetLoader          - Loading from disk: /assets/textures/player2.png
18:29:35.170 [JavaFX Application Thread] DEBUG FXGL.GameScene       - Creating render group for layer: PARTICLES(5000)
18:29:35.210 [JavaFX Application Thread] DEBUG AssetLoader          - Loading from disk: /assets/textures/laser_hit.png
18:29:35.226 [JavaFX Application Thread] DEBUG AssetLoader          - Loading from cache: /assets/textures/enemy3.png
18:29:35.324 [JavaFX Application Thread] DEBUG AssetLoader          - Loading from cache: /assets/textures/laser2.png
18:29:35.325 [JavaFX Application Thread] DEBUG AssetLoader          - Loading from disk: /assets/sounds/shoot3.wav
18:29:35.330 [JavaFX Application Thread] DEBUG AssetLoader          - Loading from cache: /assets/textures/enemy2.png
18:29:35.425 [JavaFX Application Thread] DEBUG AssetLoader          - Loading from cache: /assets/textures/enemy2.png
18:29:35.525 [JavaFX Application Thread] DEBUG AssetLoader          - Loading from cache: /assets/textures/enemy2.png
18:29:35.543 [JavaFX Application Thread] DEBUG AssetLoader          - Loading from cache: /assets/textures/laser_hit.png@15.0x15.0
18:29:35.625 [JavaFX Application Thread] DEBUG AssetLoader          - Loading from cache: /assets/textures/enemy2.png
18:29:35.674 [JavaFX Application Thread] DEBUG AssetLoader          - Loading from cache: /assets/textures/laser2.png
18:29:35.675 [JavaFX Application Thread] DEBUG AssetLoader          - Loading from cache: /assets/sounds/shoot2.wav
18:29:35.724 [JavaFX Application Thread] DEBUG AssetLoader          - Loading from cache: /assets/textures/enemy1.png
18:29:35.824 [JavaFX Application Thread] DEBUG AssetLoader          - Loading from cache: /assets/textures/enemy2.png
18:29:35.925 [JavaFX Application Thread] DEBUG AssetLoader          - Loading from cache: /assets/textures/enemy2.png
18:29:36.024 [JavaFX Application Thread] DEBUG AssetLoader          - Loading from cache: /assets/textures/laser2.png
18:29:36.024 [JavaFX Application Thread] DEBUG AssetLoader          - Loading from disk: /assets/sounds/shoot1.wav
18:29:36.029 [JavaFX Application Thread] DEBUG AssetLoader          - Loading from cache: /assets/textures/enemy3.png
18:29:36.108 [JavaFX Application Thread] DEBUG AssetLoader          - Loading from disk: /assets/textures/background/meteor2.png
18:29:36.111 [JavaFX Application Thread] DEBUG FXGL.GameScene       - Creating render group for layer: METEORS(1001)
18:29:36.126 [JavaFX Application Thread] DEBUG AssetLoader          - Loading from cache: /assets/textures/enemy1.png
18:29:36.158 [JavaFX Application Thread] DEBUG AssetLoader          - Loading from cache: /assets/textures/laser_hit.png@15.0x15.0
18:29:36.374 [JavaFX Application Thread] DEBUG AssetLoader          - Loading from cache: /assets/textures/laser2.png
18:29:36.375 [JavaFX Application Thread] DEBUG AssetLoader          - Loading from cache: /assets/sounds/shoot4.wav
18:29:36.559 [JavaFX Application Thread] DEBUG AssetLoader          - Loading from cache: /assets/textures/laser_hit.png@15.0x15.0
18:29:36.657 [JavaFX Application Thread] DEBUG AssetLoader          - Loading from disk: /assets/textures/tank_bullet.png
18:29:36.660 [JavaFX Application Thread] DEBUG AssetLoader          - Loading from cache: /assets/sounds/shoot4.wav
18:29:36.725 [JavaFX Application Thread] DEBUG AssetLoader          - Loading from cache: /assets/textures/laser2.png
18:29:36.725 [JavaFX Application Thread] DEBUG AssetLoader          - Loading from cache: /assets/sounds/shoot1.wav
18:29:36.812 [JavaFX Application Thread] DEBUG AssetLoader          - Loading from disk: /assets/textures/explosion.png
18:29:36.836 [JavaFX Application Thread] DEBUG AssetLoader          - Loading from disk: /assets/sounds/explosion.wav
18:29:36.839 [JavaFX Application Thread] DEBUG EventBus             - Firing event: com.almasb.fxglgames.spaceinvaders.event.GameEvent[source=javafx.event.Event$$Lambda$104/624470156@736d2029]
18:29:37.175 [JavaFX Application Thread] DEBUG AssetLoader          - Loading from cache: /assets/textures/tank_bullet.png
18:29:37.176 [JavaFX Application Thread] DEBUG AssetLoader          - Loading from cache: /assets/sounds/shoot2.wav
18:29:37.208 [JavaFX Application Thread] DEBUG AssetLoader          - Loading from cache: /assets/textures/laser2.png
18:29:37.208 [JavaFX Application Thread] DEBUG AssetLoader          - Loading from cache: /assets/sounds/shoot3.wav
18:29:37.275 [JavaFX Application Thread] DEBUG AssetLoader          - Loading from cache: /assets/textures/laser_hit.png@15.0x15.0
18:29:37.496 [JavaFX Application Thread] DEBUG AssetLoader          - Loading from cache: /assets/textures/laser_hit.png@15.0x15.0
18:29:37.529 [JavaFX Application Thread] DEBUG AssetLoader          - Loading from cache: /assets/textures/laser2.png
18:29:37.530 [JavaFX Application Thread] DEBUG AssetLoader          - Loading from cache: /assets/sounds/shoot1.wav
18:29:37.630 [JavaFX Application Thread] DEBUG AssetLoader          - Loading from cache: /assets/textures/tank_bullet.png
18:29:37.631 [JavaFX Application Thread] DEBUG AssetLoader          - Loading from cache: /assets/sounds/shoot2.wav
18:29:37.830 [JavaFX Application Thread] DEBUG AssetLoader          - Loading from cache: /assets/textures/laser_hit.png@15.0x15.0
18:29:37.846 [JavaFX Application Thread] DEBUG AssetLoader          - Loading from cache: /assets/textures/laser2.png
18:29:37.846 [JavaFX Application Thread] DEBUG AssetLoader          - Loading from cache: /assets/sounds/shoot1.wav
18:29:37.996 [JavaFX Application Thread] DEBUG AssetLoader          - Loading from cache: /assets/textures/tank_bullet.png
18:29:37.997 [JavaFX Application Thread] DEBUG AssetLoader          - Loading from cache: /assets/sounds/shoot2.wav
18:29:38.130 [JavaFX Application Thread] DEBUG AssetLoader          - Loading from cache: /assets/textures/laser_hit.png@15.0x15.0
18:29:38.163 [JavaFX Application Thread] DEBUG AssetLoader          - Loading from cache: /assets/textures/laser2.png
18:29:38.164 [JavaFX Application Thread] DEBUG AssetLoader          - Loading from cache: /assets/sounds/shoot1.wav
18:29:38.280 [JavaFX Application Thread] DEBUG AssetLoader          - Loading from cache: /assets/textures/tank_bullet.png
18:29:38.281 [JavaFX Application Thread] DEBUG AssetLoader          - Loading from cache: /assets/sounds/shoot3.wav
18:29:38.464 [JavaFX Application Thread] DEBUG AssetLoader          - Loading from cache: /assets/textures/laser_hit.png@15.0x15.0
18:29:38.480 [JavaFX Application Thread] DEBUG AssetLoader          - Loading from cache: /assets/textures/laser2.png
18:29:38.481 [JavaFX Application Thread] DEBUG AssetLoader          - Loading from cache: /assets/sounds/shoot3.wav
18:29:38.547 [JavaFX Application Thread] DEBUG AssetLoader          - Loading from cache: /assets/textures/tank_bullet.png
18:29:38.547 [JavaFX Application Thread] DEBUG AssetLoader          - Loading from cache: /assets/sounds/shoot2.wav
18:29:38.731 [JavaFX Application Thread] DEBUG AssetLoader          - Loading from cache: /assets/textures/tank_bullet.png
18:29:38.732 [JavaFX Application Thread] DEBUG AssetLoader          - Loading from cache: /assets/sounds/shoot3.wav
18:29:38.797 [JavaFX Application Thread] DEBUG AssetLoader          - Loading from cache: /assets/textures/laser2.png
18:29:38.797 [JavaFX Application Thread] DEBUG AssetLoader          - Loading from cache: /assets/sounds/shoot1.wav
18:29:39.096 [JavaFX Application Thread] DEBUG AssetLoader          - Loading from cache: /assets/textures/background/meteor2.png
18:29:39.199 [JavaFX Application Thread] DEBUG AssetLoader          - Loading from cache: /assets/textures/explosion.png@1280.0x80.0
18:29:39.199 [JavaFX Application Thread] DEBUG AssetLoader          - Loading from cache: /assets/sounds/explosion.wav
18:29:39.199 [JavaFX Application Thread] DEBUG EventBus             - Firing event: com.almasb.fxglgames.spaceinvaders.event.GameEvent[source=javafx.event.Event$$Lambda$104/624470156@736d2029]
18:29:39.200 [JavaFX Application Thread] DEBUG EventBus             - Firing event: AchievementEvent[name=Master Scorer,description= Score 1000 points]
18:29:39.213 [JavaFX Application Thread] DEBUG EventBus             - Firing event: NotificationEvent[message=You got an achievement! Master Scorer]
18:29:39.248 [JavaFX Application Thread] DEBUG AssetLoader          - Loading from cache: /assets/textures/tank_bullet.png
18:29:39.249 [JavaFX Application Thread] DEBUG AssetLoader          - Loading from cache: /assets/sounds/shoot1.wav
18:29:39.334 [JavaFX Application Thread] DEBUG AssetLoader          - Loading from cache: /assets/textures/explosion.png@1280.0x80.0
18:29:39.335 [JavaFX Application Thread] DEBUG AssetLoader          - Loading from cache: /assets/sounds/explosion.wav
18:29:39.335 [JavaFX Application Thread] DEBUG EventBus             - Firing event: com.almasb.fxglgames.spaceinvaders.event.GameEvent[source=javafx.event.Event$$Lambda$104/624470156@736d2029]
18:29:39.336 [JavaFX Application Thread] DEBUG AssetLoader          - Loading from disk: /assets/textures/powerup_atk_rate.png
18:29:39.384 [JavaFX Application Thread] DEBUG AssetLoader          - Loading from cache: /assets/textures/explosion.png@1280.0x80.0
18:29:39.385 [JavaFX Application Thread] DEBUG AssetLoader          - Loading from cache: /assets/sounds/explosion.wav
18:29:39.385 [JavaFX Application Thread] DEBUG EventBus             - Firing event: com.almasb.fxglgames.spaceinvaders.event.GameEvent[source=javafx.event.Event$$Lambda$104/624470156@736d2029]
18:29:39.404 [JavaFX Application Thread] DEBUG AssetLoader          - Loading from cache: /assets/textures/explosion.png@1280.0x80.0
18:29:39.405 [JavaFX Application Thread] DEBUG AssetLoader          - Loading from cache: /assets/sounds/explosion.wav
18:29:39.405 [JavaFX Application Thread] DEBUG EventBus             - Firing event: com.almasb.fxglgames.spaceinvaders.event.GameEvent[source=javafx.event.Event$$Lambda$104/624470156@736d2029]
18:29:39.406 [JavaFX Application Thread] DEBUG AssetLoader          - Loading from cache: /assets/textures/explosion.png@1280.0x80.0
18:29:39.408 [JavaFX Application Thread] DEBUG AssetLoader          - Loading from cache: /assets/sounds/explosion.wav
18:29:39.408 [JavaFX Application Thread] DEBUG EventBus             - Firing event: com.almasb.fxglgames.spaceinvaders.event.GameEvent[source=javafx.event.Event$$Lambda$104/624470156@736d2029]
18:29:39.409 [JavaFX Application Thread] DEBUG AssetLoader          - Loading from cache: /assets/textures/explosion.png@1280.0x80.0
18:29:39.410 [JavaFX Application Thread] DEBUG AssetLoader          - Loading from cache: /assets/sounds/explosion.wav
18:29:39.410 [JavaFX Application Thread] DEBUG EventBus             - Firing event: com.almasb.fxglgames.spaceinvaders.event.GameEvent[source=javafx.event.Event$$Lambda$104/624470156@736d2029]
18:29:39.484 [JavaFX Application Thread] DEBUG AssetLoader          - Loading from cache: /assets/textures/explosion.png@1280.0x80.0
18:29:39.485 [JavaFX Application Thread] DEBUG AssetLoader          - Loading from cache: /assets/sounds/explosion.wav
18:29:39.485 [JavaFX Application Thread] DEBUG EventBus             - Firing event: com.almasb.fxglgames.spaceinvaders.event.GameEvent[source=javafx.event.Event$$Lambda$104/624470156@736d2029]
18:29:39.534 [JavaFX Application Thread] DEBUG AssetLoader          - Loading from cache: /assets/textures/explosion.png@1280.0x80.0
18:29:39.535 [JavaFX Application Thread] DEBUG AssetLoader          - Loading from cache: /assets/sounds/explosion.wav
18:29:39.535 [JavaFX Application Thread] DEBUG EventBus             - Firing event: com.almasb.fxglgames.spaceinvaders.event.GameEvent[source=javafx.event.Event$$Lambda$104/624470156@736d2029]
18:29:39.550 [JavaFX Application Thread] DEBUG AssetLoader          - Loading from cache: /assets/textures/tank_bullet.png
18:29:39.552 [JavaFX Application Thread] DEBUG AssetLoader          - Loading from cache: /assets/sounds/shoot4.wav
18:29:39.603 [JavaFX Application Thread] DEBUG AssetLoader          - Loading from cache: /assets/textures/explosion.png@1280.0x80.0
18:29:39.604 [JavaFX Application Thread] DEBUG AssetLoader          - Loading from cache: /assets/sounds/explosion.wav
18:29:39.604 [JavaFX Application Thread] DEBUG EventBus             - Firing event: com.almasb.fxglgames.spaceinvaders.event.GameEvent[source=javafx.event.Event$$Lambda$104/624470156@736d2029]
18:29:39.668 [JavaFX Application Thread] DEBUG AssetLoader          - Loading from cache: /assets/textures/explosion.png@1280.0x80.0
18:29:39.669 [JavaFX Application Thread] DEBUG AssetLoader          - Loading from cache: /assets/sounds/explosion.wav
18:29:39.669 [JavaFX Application Thread] DEBUG EventBus             - Firing event: com.almasb.fxglgames.spaceinvaders.event.GameEvent[source=javafx.event.Event$$Lambda$104/624470156@736d2029]
18:29:39.735 [JavaFX Application Thread] DEBUG AssetLoader          - Loading from cache: /assets/textures/explosion.png@1280.0x80.0
18:29:39.736 [JavaFX Application Thread] DEBUG AssetLoader          - Loading from cache: /assets/sounds/explosion.wav
18:29:39.737 [JavaFX Application Thread] DEBUG EventBus             - Firing event: com.almasb.fxglgames.spaceinvaders.event.GameEvent[source=javafx.event.Event$$Lambda$104/624470156@736d2029]
18:29:39.801 [JavaFX Application Thread] DEBUG AssetLoader          - Loading from cache: /assets/textures/explosion.png@1280.0x80.0
18:29:39.802 [JavaFX Application Thread] DEBUG AssetLoader          - Loading from cache: /assets/sounds/explosion.wav
18:29:39.802 [JavaFX Application Thread] DEBUG EventBus             - Firing event: com.almasb.fxglgames.spaceinvaders.event.GameEvent[source=javafx.event.Event$$Lambda$104/624470156@736d2029]
18:29:39.833 [JavaFX Application Thread] DEBUG EventBus             - Firing event: com.almasb.fxglgames.spaceinvaders.event.GameEvent[source=javafx.event.Event$$Lambda$104/624470156@736d2029]
18:29:39.838 [JavaFX Application Thread] DEBUG AssetLoader          - Loading from disk: /assets/sounds/lose_life.wav
18:29:39.851 [JavaFX Application Thread] DEBUG AssetLoader          - Loading from cache: /assets/textures/explosion.png@1280.0x80.0
18:29:39.852 [JavaFX Application Thread] DEBUG AssetLoader          - Loading from cache: /assets/sounds/explosion.wav
18:29:39.852 [JavaFX Application Thread] DEBUG EventBus             - Firing event: com.almasb.fxglgames.spaceinvaders.event.GameEvent[source=javafx.event.Event$$Lambda$104/624470156@736d2029]
18:29:39.853 [JavaFX Application Thread] DEBUG AssetLoader          - Loading from disk: /assets/textures/bonus_weapon.png
18:29:39.936 [JavaFX Application Thread] DEBUG AssetLoader          - Loading from cache: /assets/textures/explosion.png@1280.0x80.0
18:29:39.937 [JavaFX Application Thread] DEBUG AssetLoader          - Loading from cache: /assets/sounds/explosion.wav
18:29:39.937 [JavaFX Application Thread] DEBUG EventBus             - Firing event: com.almasb.fxglgames.spaceinvaders.event.GameEvent[source=javafx.event.Event$$Lambda$104/624470156@736d2029]
18:29:39.938 [JavaFX Application Thread] DEBUG AssetLoader          - Loading from disk: /assets/textures/life.png
18:29:39.970 [JavaFX Application Thread] DEBUG AssetLoader          - Loading from cache: /assets/textures/explosion.png@1280.0x80.0
18:29:39.971 [JavaFX Application Thread] DEBUG AssetLoader          - Loading from cache: /assets/sounds/explosion.wav
18:29:39.971 [JavaFX Application Thread] DEBUG EventBus             - Firing event: com.almasb.fxglgames.spaceinvaders.event.GameEvent[source=javafx.event.Event$$Lambda$104/624470156@736d2029]
18:29:39.976 [JavaFX Application Thread] DEBUG AssetLoader          - Loading from cache: /assets/sounds/level.wav
18:29:41.396 [JavaFX Application Thread] DEBUG AppStateMachine      - Push state: DialogSubState
18:29:41.396 [JavaFX Application Thread] DEBUG Input                - Clearing active input actions
18:29:41.396 [JavaFX Application Thread] DEBUG AppStateMachine      - PlayState -> DialogSubState
18:29:43.186 [JavaFX Application Thread] DEBUG AppStateMachine      - Pop state: DialogSubState
18:29:43.186 [JavaFX Application Thread] DEBUG Input                - Clearing active input actions
18:29:43.186 [JavaFX Application Thread] DEBUG AppStateMachine      - PlayState <- DialogSubState
18:29:43.187 [JavaFX Application Thread] DEBUG GameApplication      - Exiting game application
18:29:43.188 [JavaFX Application Thread] DEBUG GameApplication      - Shutting down background threads
18:29:43.188 [JavaFX Application Thread] DEBUG GameApplication      - Exiting FXGL
18:29:43.189 [JavaFX Application Thread] DEBUG FXGL                 - Saving FXGL system data
18:29:43.190 [JavaFX Application Thread] DEBUG IOTask               - Executing task: writeDataTask(system/fxgl.bundle)
18:29:43.192 [JavaFX Application Thread] DEBUG FS                   - Writing to: system/fxgl.bundle
18:29:43.198 [JavaFX Application Thread] DEBUG IOTask               - Task succeeded: writeDataTask(system/fxgl.bundle)
18:29:43.198 [JavaFX Application Thread] DEBUG GameApplication      - Closing logger and exiting JavaFX
